[01m[Kcc1plus:[m[K [01;35m[Kwarning: [m[K/usr/local/cuda/lib64/libOpenCL.so: not a directory
[01m[Kcc1plus:[m[K [01;35m[Kwarning: [m[K/usr/local/cuda/lib64/libOpenCL.so: not a directory
[01m[Kcc1plus:[m[K [01;35m[Kwarning: [m[K/usr/local/cuda/lib64/libOpenCL.so: not a directory
[01m[Kcc1plus:[m[K [01;35m[Kwarning: [m[K/usr/local/cuda/lib64/libOpenCL.so: not a directory
[01m[K/home/dai/workspace/Dataset_Toolbox/src/panorama/src/backend/pose_graph_optimizer.cpp:[m[K In member function â€˜[01m[Kvoid panorama::PoseGraphOptimizer::WarpPano(const panorama::ProcessedEventData&)[m[Kâ€™:
[01m[K/home/dai/workspace/Dataset_Toolbox/src/panorama/src/backend/pose_graph_optimizer.cpp:64:71:[m[K [01;31m[Kerror: [m[Kâ€˜[01m[Kt0_p[m[Kâ€™ was not declared in this scope
   64 |             show_count_pano(count_pano, max_val, ros::Time().fromNSec([01;31m[Kt0_p[m[K));
      |                                                                       [01;31m[K^~~~[m[K
[01m[K/home/dai/workspace/Dataset_Toolbox/src/panorama/src/backend/pose_graph_optimizer.cpp:67:20:[m[K [01;31m[Kerror: [m[Kâ€˜[01m[Kev[m[Kâ€™ was not declared in this scope; did you mean â€˜[01m[Kcv[m[Kâ€™?
   67 |             t0_p = [01;31m[Kev[m[K.ts.toNSec();
      |                    [01;31m[K^~[m[K
      |                    [32m[Kcv[m[K
[01m[K/home/dai/workspace/Dataset_Toolbox/src/panorama/src/backend/pose_graph_optimizer.cpp:[m[K In member function â€˜[01m[Kvoid panorama::PoseGraphOptimizer::show_count_pano(cv::Mat&, double&, ros::Time)[m[Kâ€™:
[01m[K/home/dai/workspace/Dataset_Toolbox/src/panorama/src/backend/pose_graph_optimizer.cpp:92:5:[m[K [01;31m[Kerror: [m[Kâ€˜[01m[Kpano_pub[m[Kâ€™ was not declared in this scope
   92 |     [01;31m[Kpano_pub[m[K.publish(msg);
      |     [01;31m[K^~~~~~~~[m[K
[01m[K/home/dai/workspace/Dataset_Toolbox/src/panorama/src/frontend/ang_vel_estimator.cpp:[m[K In member function â€˜[01m[Kpanorama::ProcessedEventData panorama::AngVelEstimator::processEvent(const Event&)[m[Kâ€™:
[01m[K/home/dai/workspace/Dataset_Toolbox/src/panorama/src/frontend/ang_vel_estimator.cpp:82:44:[m[K [01;31m[Kerror: [m[Kâ€˜[01m[Kt0_p[m[Kâ€™ was not declared in this scope
   82 |     float t_diff = double(ev.ts.toNSec() - [01;31m[Kt0_p[m[K) / 1000000000.0;
      |                                            [01;31m[K^~~~[m[K
[01m[K/home/dai/workspace/Dataset_Toolbox/src/panorama/src/frontend/ang_vel_estimator.cpp:103:17:[m[K [01;31m[Kerror: [m[Kâ€˜[01m[Kcenter[m[Kâ€™ was not declared in this scope; did you mean â€˜[01m[Kcenter_[m[Kâ€™?
  103 |     px_mosaic = [01;31m[Kcenter[m[K + Eigen::Vector2d(-phi * params.image_opt.panorama_width / (2.0 * pi), -theta * params.image_opt.panorama_height / (pi*57.99/180));
      |                 [01;31m[K^~~~~~[m[K
      |                 [32m[Kcenter_[m[K
[01m[K/home/dai/workspace/Dataset_Toolbox/src/panorama/src/frontend/ang_vel_estimator.cpp:109:5:[m[K [01;31m[Kerror: [m[Kdesignator order for field â€˜[01m[Kpanorama::ProcessedEventData::timestamp[m[Kâ€™ does not match declaration order in â€˜[01m[Kpanorama::ProcessedEventData[m[Kâ€™
  109 |     [01;31m[K}[m[K;
      |     [01;31m[K^[m[K
make[2]: *** [CMakeFiles/Panorama.dir/build.make:118: CMakeFiles/Panorama.dir/src/backend/pose_graph_optimizer.cpp.o] Error 1
make[2]: *** Waiting for unfinished jobs....
make[2]: *** [CMakeFiles/Panorama.dir/build.make:104: CMakeFiles/Panorama.dir/src/frontend/ang_vel_estimator.cpp.o] Error 1
make[1]: *** [CMakeFiles/Makefile2:1107: CMakeFiles/Panorama.dir/all] Error 2
make: *** [Makefile:146: all] Error 2
